Построение начато 1/10/2012 8:35:53 PM.
Проект "C:\Users\Юрий\documents\visual studio 2010\Projects\Monty-Hall\Monty-Hall\Monty-Hall.vcxproj" в узле 2 (целевые объекты build).
InitializeBuildStatus:
  Создание "Debug\Monty-Hall.unsuccessfulbuild", так как было задано "AlwaysCreate".
ClCompile:
  c:\Program Files (x86)\Microsoft Visual Studio 10.0\VC\bin\CL.exe /c /ZI /nologo /W3 /WX- /Od /Oy- /D _MBCS /Gm /EHsc /RTC1 /MDd /GS /fp:precise /Zc:wchar_t /Zc:forScope /Fo"Debug\\" /Fd"Debug\vc100.pdb" /Gd /TP /analyze- /errorReport:prompt main.cpp
  main.cpp
c:\users\юрий\documents\visual studio 2010\projects\monty-hall\monty-hall\main.cpp(45): warning C4800: int: принудительно задано логическое значение "true" или "false" (предупреждение о производительности)
c:\users\юрий\documents\visual studio 2010\projects\monty-hall\monty-hall\main.cpp(45): warning C4804: %: небезопасное использование типа "bool" в операции
c:\users\юрий\documents\visual studio 2010\projects\monty-hall\monty-hall\main.cpp(45): warning C4800: int: принудительно задано логическое значение "true" или "false" (предупреждение о производительности)
Link:
  c:\Program Files (x86)\Microsoft Visual Studio 10.0\VC\bin\link.exe /ERRORREPORT:PROMPT /OUT:"C:\Users\Юрий\documents\visual studio 2010\Projects\Monty-Hall\Debug\Monty-Hall.exe" /NOLOGO kernel32.lib user32.lib gdi32.lib winspool.lib comdlg32.lib advapi32.lib shell32.lib ole32.lib oleaut32.lib uuid.lib odbc32.lib odbccp32.lib /MANIFEST /ManifestFile:"Debug\Monty-Hall.exe.intermediate.manifest" /MANIFESTUAC:"level='asInvoker' uiAccess='false'" /DEBUG /PDB:"C:\Users\Юрий\documents\visual studio 2010\Projects\Monty-Hall\Debug\Monty-Hall.pdb" /TLBID:1 /DYNAMICBASE /NXCOMPAT /IMPLIB:"C:\Users\Юрий\documents\visual studio 2010\Projects\Monty-Hall\Debug\Monty-Hall.lib" /MACHINE:X86 Debug\main.obj
  LINK : не найден или не выполнена сборка C:\Users\Юрий\documents\visual studio 2010\Projects\Monty-Hall\Debug\Monty-Hall.exe при последней инкрементной компоновке; выполняется полная компоновка
  Monty-Hall.vcxproj -> C:\Users\Юрий\documents\visual studio 2010\Projects\Monty-Hall\Debug\Monty-Hall.exe
Manifest:
  C:\Program Files (x86)\Microsoft SDKs\Windows\v7.0A\bin\mt.exe /nologo /verbose /outputresource:"C:\Users\Юрий\documents\visual studio 2010\Projects\Monty-Hall\Debug\Monty-Hall.exe;#1" /manifest "Debug\Monty-Hall.exe.intermediate.manifest"
FinalizeBuildStatus:
  Файл "Debug\Monty-Hall.unsuccessfulbuild" удаляется.
  Обращение к "Debug\Monty-Hall.lastbuildstate".
Построение проекта "C:\Users\Юрий\documents\visual studio 2010\Projects\Monty-Hall\Monty-Hall\Monty-Hall.vcxproj" завершено (целевые объекты build).

Построение успешно завершено.

Затраченное время: 00:00:00.67
